生成启动时间为 2020/11/8 20:50:13。
     1>项目“F:\C_code\C_2020_11_08\strcpy\strcpy.vcxproj”在节点 2 上(Build 个目标)。
     1>ClCompile:
         F:\Program Files (x86)\Microsoft Visual Studio 12.0\VC\bin\CL.exe /c /ZI /nologo /W3 /WX- /sdl /Od /Oy- /D _MBCS /Gm /EHsc /RTC1 /MDd /GS /fp:precise /Zc:wchar_t /Zc:forScope /Fo"Debug\\" /Fd"Debug\vc120.pdb" /Gd /TC /analyze- /errorReport:prompt strcpy.c
         strcpy.c
     1>f:\c_code\c_2020_11_08\strcpy\strcpy.c(6): warning C4013: “assert”未定义；假设外部返回 int
       Link:
         F:\Program Files (x86)\Microsoft Visual Studio 12.0\VC\bin\link.exe /ERRORREPORT:PROMPT /OUT:"F:\C_code\C_2020_11_08\Debug\strcpy.exe" /INCREMENTAL /NOLOGO kernel32.lib user32.lib gdi32.lib winspool.lib comdlg32.lib advapi32.lib shell32.lib ole32.lib oleaut32.lib uuid.lib odbc32.lib odbccp32.lib /MANIFEST /MANIFESTUAC:"level='asInvoker' uiAccess='false'" /manifest:embed /DEBUG /PDB:"F:\C_code\C_2020_11_08\Debug\strcpy.pdb" /TLBID:1 /DYNAMICBASE /NXCOMPAT /IMPLIB:"F:\C_code\C_2020_11_08\Debug\strcpy.lib" /MACHINE:X86 Debug\strcpy.obj
     1>strcpy.obj : error LNK2019: 无法解析的外部符号 _assert，该符号在函数 _my_strcpy 中被引用
     1>F:\C_code\C_2020_11_08\Debug\strcpy.exe : fatal error LNK1120: 1 个无法解析的外部命令
     1>已完成生成项目“F:\C_code\C_2020_11_08\strcpy\strcpy.vcxproj”(Build 个目标)的操作 - 失败。

生成失败。

已用时间 00:00:01.22
